NOTE: Picked up JDK_JAVA_OPTIONS:  --add-opens=java.base/java.lang=ALL-UNNAMED --add-opens=java.base/java.io=ALL-UNNAMED --add-opens=java.base/java.util=ALL-UNNAMED --add-opens=java.base/java.util.concurrent=ALL-UNNAMED --add-opens=java.rmi/sun.rmi.transport=ALL-UNNAMED
06-Jun-2022 11:10:04.754 INFO [main] org.apache.catalina.startup.VersionLoggerListener.log Server version name:   Apache Tomcat/9.0.63
06-Jun-2022 11:10:04.764 INFO [main] org.apache.catalina.startup.VersionLoggerListener.log Server built:          May 11 2022 07:52:11 UTC
06-Jun-2022 11:10:04.764 INFO [main] org.apache.catalina.startup.VersionLoggerListener.log Server version number: 9.0.63.0
06-Jun-2022 11:10:04.765 INFO [main] org.apache.catalina.startup.VersionLoggerListener.log OS Name:               Linux
06-Jun-2022 11:10:04.765 INFO [main] org.apache.catalina.startup.VersionLoggerListener.log OS Version:            5.10.0-14-cloud-amd64
06-Jun-2022 11:10:04.765 INFO [main] org.apache.catalina.startup.VersionLoggerListener.log Architecture:          amd64
06-Jun-2022 11:10:04.765 INFO [main] org.apache.catalina.startup.VersionLoggerListener.log Java Home:             /usr/lib/jvm/java-11-openjdk-amd64
06-Jun-2022 11:10:04.766 INFO [main] org.apache.catalina.startup.VersionLoggerListener.log JVM Version:           11.0.15+10-post-Debian-1deb11u1
06-Jun-2022 11:10:04.766 INFO [main] org.apache.catalina.startup.VersionLoggerListener.log JVM Vendor:            Debian
06-Jun-2022 11:10:04.766 INFO [main] org.apache.catalina.startup.VersionLoggerListener.log CATALINA_BASE:         /root/war-web-project/apache-tomcat-9.0.63
06-Jun-2022 11:10:04.766 INFO [main] org.apache.catalina.startup.VersionLoggerListener.log CATALINA_HOME:         /root/war-web-project/apache-tomcat-9.0.63
06-Jun-2022 11:10:04.795 INFO [main] org.apache.catalina.startup.VersionLoggerListener.log Command line argument: --add-opens=java.base/java.lang=ALL-UNNAMED
06-Jun-2022 11:10:04.796 INFO [main] org.apache.catalina.startup.VersionLoggerListener.log Command line argument: --add-opens=java.base/java.io=ALL-UNNAMED
06-Jun-2022 11:10:04.796 INFO [main] org.apache.catalina.startup.VersionLoggerListener.log Command line argument: --add-opens=java.base/java.util=ALL-UNNAMED
06-Jun-2022 11:10:04.796 INFO [main] org.apache.catalina.startup.VersionLoggerListener.log Command line argument: --add-opens=java.base/java.util.concurrent=ALL-UNNAMED
06-Jun-2022 11:10:04.796 INFO [main] org.apache.catalina.startup.VersionLoggerListener.log Command line argument: --add-opens=java.rmi/sun.rmi.transport=ALL-UNNAMED
06-Jun-2022 11:10:04.796 INFO [main] org.apache.catalina.startup.VersionLoggerListener.log Command line argument: -Djava.util.logging.config.file=/root/war-web-project/apache-tomcat-9.0.63/conf/logging.properties
06-Jun-2022 11:10:04.797 INFO [main] org.apache.catalina.startup.VersionLoggerListener.log Command line argument: -Djava.util.logging.manager=org.apache.juli.ClassLoaderLogManager
06-Jun-2022 11:10:04.797 INFO [main] org.apache.catalina.startup.VersionLoggerListener.log Command line argument: -Djdk.tls.ephemeralDHKeySize=2048
06-Jun-2022 11:10:04.797 INFO [main] org.apache.catalina.startup.VersionLoggerListener.log Command line argument: -Djava.protocol.handler.pkgs=org.apache.catalina.webresources
06-Jun-2022 11:10:04.797 INFO [main] org.apache.catalina.startup.VersionLoggerListener.log Command line argument: -Dorg.apache.catalina.security.SecurityListener.UMASK=0027
06-Jun-2022 11:10:04.797 INFO [main] org.apache.catalina.startup.VersionLoggerListener.log Command line argument: -Dignore.endorsed.dirs=
06-Jun-2022 11:10:04.797 INFO [main] org.apache.catalina.startup.VersionLoggerListener.log Command line argument: -Dcatalina.base=/root/war-web-project/apache-tomcat-9.0.63
06-Jun-2022 11:10:04.798 INFO [main] org.apache.catalina.startup.VersionLoggerListener.log Command line argument: -Dcatalina.home=/root/war-web-project/apache-tomcat-9.0.63
06-Jun-2022 11:10:04.798 INFO [main] org.apache.catalina.startup.VersionLoggerListener.log Command line argument: -Djava.io.tmpdir=/root/war-web-project/apache-tomcat-9.0.63/temp
06-Jun-2022 11:10:04.805 INFO [main] org.apache.catalina.core.AprLifecycleListener.lifecycleEvent The Apache Tomcat Native library which allows using OpenSSL was not found on the java.library.path: [/usr/java/packages/lib:/usr/lib/x86_64-linux-gnu/jni:/lib/x86_64-linux-gnu:/usr/lib/x86_64-linux-gnu:/usr/lib/jni:/lib:/usr/lib]
06-Jun-2022 11:10:05.349 INFO [main] org.apache.coyote.AbstractProtocol.init Initializing ProtocolHandler ["http-nio-8080"]
06-Jun-2022 11:10:05.416 INFO [main] org.apache.catalina.startup.Catalina.load Server initialization in [1055] milliseconds
06-Jun-2022 11:10:05.555 INFO [main] org.apache.catalina.core.StandardService.startInternal Starting service [Catalina]
06-Jun-2022 11:10:05.555 INFO [main] org.apache.catalina.core.StandardEngine.startInternal Starting Servlet engine: [Apache Tomcat/9.0.63]
06-Jun-2022 11:10:05.568 INFO [main] org.apache.catalina.startup.HostConfig.deployDirectory Deploying web application directory [/root/war-web-project/apache-tomcat-9.0.63/webapps/manager]
06-Jun-2022 11:10:05.995 INFO [main] org.apache.catalina.startup.HostConfig.deployDirectory Deployment of web application directory [/root/war-web-project/apache-tomcat-9.0.63/webapps/manager] has finished in [426] ms
06-Jun-2022 11:10:05.995 INFO [main] org.apache.catalina.startup.HostConfig.deployDirectory Deploying web application directory [/root/war-web-project/apache-tomcat-9.0.63/webapps/host-manager]
06-Jun-2022 11:10:06.029 INFO [main] org.apache.catalina.startup.HostConfig.deployDirectory Deployment of web application directory [/root/war-web-project/apache-tomcat-9.0.63/webapps/host-manager] has finished in [34] ms
06-Jun-2022 11:10:06.029 INFO [main] org.apache.catalina.startup.HostConfig.deployDirectory Deploying web application directory [/root/war-web-project/apache-tomcat-9.0.63/webapps/ROOT]
06-Jun-2022 11:10:06.071 INFO [main] org.apache.catalina.startup.HostConfig.deployDirectory Deployment of web application directory [/root/war-web-project/apache-tomcat-9.0.63/webapps/ROOT] has finished in [42] ms
06-Jun-2022 11:10:06.072 INFO [main] org.apache.catalina.startup.HostConfig.deployDirectory Deploying web application directory [/root/war-web-project/apache-tomcat-9.0.63/webapps/examples]
06-Jun-2022 11:10:06.494 INFO [main] org.apache.catalina.startup.HostConfig.deployDirectory Deployment of web application directory [/root/war-web-project/apache-tomcat-9.0.63/webapps/examples] has finished in [423] ms
06-Jun-2022 11:10:06.495 INFO [main] org.apache.catalina.startup.HostConfig.deployDirectory Deploying web application directory [/root/war-web-project/apache-tomcat-9.0.63/webapps/docs]
06-Jun-2022 11:10:06.534 INFO [main] org.apache.catalina.startup.HostConfig.deployDirectory Deployment of web application directory [/root/war-web-project/apache-tomcat-9.0.63/webapps/docs] has finished in [38] ms
06-Jun-2022 11:10:06.542 INFO [main] org.apache.coyote.AbstractProtocol.start Starting ProtocolHandler ["http-nio-8080"]
06-Jun-2022 11:10:06.578 INFO [main] org.apache.catalina.startup.Catalina.start Server startup in [1161] milliseconds
